<?xml version="1.0" encoding="UTF-8"?>
<!-- Generated by org.testng.reporters.JUnitXMLReporter -->
<testsuite ignored="0" hostname="LAPTOP-3OCSGD33" failures="1" tests="4" name="Dependency Test" time="0.015" errors="0" timestamp="2022-12-17T20:10:12 IST">
  <testcase classname="testcases.TestCase3" name="doUserReg" time="0.001">
    <failure type="java.lang.AssertionError" message="User not registered successfully">
      <![CDATA[java.lang.AssertionError: User not registered successfully
at testcases.TestCase3.doUserReg(TestCase3.java:11)
at java.base/java.util.ArrayList.forEach(ArrayList.java:1511)
... Removed 26 stack frames]]>
    </failure>
  </testcase> <!-- doUserReg -->
  <testcase classname="testcases.TestCase3" name="dologin" time="0.0">
    <skipped/>
  </testcase> <!-- dologin -->
  <testcase classname="testcases.TestCase3" name="thirdTest" time="0.002"/>
  <testcase classname="testcases.TestCase3" name="fourthTest" time="0.0">
    <skipped/>
  </testcase> <!-- fourthTest -->
</testsuite> <!-- Dependency Test -->
