<?xml version="1.0" encoding="UTF-8"?>
<testng-results ignored="0" total="2" passed="2" failed="0" skipped="0">
  <reporter-output>
  </reporter-output>
  <suite started-at="2023-02-26T16:53:05 IST" name="Default suite" finished-at="2023-02-26T16:53:05 IST" duration-ms="85">
    <groups>
    </groups>
    <test started-at="2023-02-26T16:53:05 IST" name="Default test" finished-at="2023-02-26T16:53:05 IST" duration-ms="85">
      <class name="testcases.TestCase1">
        <test-method is-config="true" signature="createDBConn()[pri:0, instance:testcases.TestCase1@5f058f00]" started-at="2023-02-26T16:53:05 IST" name="createDBConn" finished-at="2023-02-26T16:53:05 IST" duration-ms="7" status="PASS">
          <reporter-output>
          </reporter-output>
        </test-method> <!-- createDBConn -->
        <test-method is-config="true" signature="lounchBrowser()[pri:0, instance:testcases.TestCase1@5f058f00]" started-at="2023-02-26T16:53:05 IST" name="lounchBrowser" finished-at="2023-02-26T16:53:05 IST" duration-ms="1" status="PASS">
          <reporter-output>
          </reporter-output>
        </test-method> <!-- lounchBrowser -->
        <test-method signature="doUserReg()[pri:1, instance:testcases.TestCase1@5f058f00]" started-at="2023-02-26T16:53:05 IST" name="doUserReg" finished-at="2023-02-26T16:53:05 IST" duration-ms="13" status="PASS">
          <reporter-output>
          </reporter-output>
        </test-method> <!-- doUserReg -->
        <test-method is-config="true" signature="closeDBConn()[pri:0, instance:testcases.TestCase1@5f058f00]" started-at="2023-02-26T16:53:05 IST" name="closeDBConn" finished-at="2023-02-26T16:53:05 IST" duration-ms="1" status="PASS">
          <reporter-output>
          </reporter-output>
        </test-method> <!-- closeDBConn -->
        <test-method is-config="true" signature="CloseBrowser()[pri:0, instance:testcases.TestCase1@5f058f00]" started-at="2023-02-26T16:53:05 IST" name="CloseBrowser" finished-at="2023-02-26T16:53:05 IST" duration-ms="0" status="PASS">
          <reporter-output>
          </reporter-output>
        </test-method> <!-- CloseBrowser -->
        <test-method is-config="true" signature="createDBConn()[pri:0, instance:testcases.TestCase1@5f058f00]" started-at="2023-02-26T16:53:05 IST" name="createDBConn" finished-at="2023-02-26T16:53:05 IST" duration-ms="1" status="PASS">
          <reporter-output>
          </reporter-output>
        </test-method> <!-- createDBConn -->
        <test-method is-config="true" signature="lounchBrowser()[pri:0, instance:testcases.TestCase1@5f058f00]" started-at="2023-02-26T16:53:05 IST" name="lounchBrowser" finished-at="2023-02-26T16:53:05 IST" duration-ms="0" status="PASS">
          <reporter-output>
          </reporter-output>
        </test-method> <!-- lounchBrowser -->
        <test-method signature="dologin()[pri:2, instance:testcases.TestCase1@5f058f00]" started-at="2023-02-26T16:53:05 IST" name="dologin" finished-at="2023-02-26T16:53:05 IST" duration-ms="2" status="PASS">
          <reporter-output>
          </reporter-output>
        </test-method> <!-- dologin -->
        <test-method is-config="true" signature="CloseBrowser()[pri:0, instance:testcases.TestCase1@5f058f00]" started-at="2023-02-26T16:53:05 IST" name="CloseBrowser" finished-at="2023-02-26T16:53:05 IST" duration-ms="1" status="PASS">
          <reporter-output>
          </reporter-output>
        </test-method> <!-- CloseBrowser -->
        <test-method is-config="true" signature="closeDBConn()[pri:0, instance:testcases.TestCase1@5f058f00]" started-at="2023-02-26T16:53:05 IST" name="closeDBConn" finished-at="2023-02-26T16:53:05 IST" duration-ms="0" status="PASS">
          <reporter-output>
          </reporter-output>
        </test-method> <!-- closeDBConn -->
      </class> <!-- testcases.TestCase1 -->
    </test> <!-- Default test -->
  </suite> <!-- Default suite -->
</testng-results>
