<?xml version="1.0" encoding="UTF-8"?>
<testng-results ignored="0" total="1" passed="1" failed="0" skipped="0">
  <reporter-output>
  </reporter-output>
  <suite started-at="2023-02-26T20:22:18 IST" name="Default suite" finished-at="2023-02-26T20:22:18 IST" duration-ms="112">
    <groups>
    </groups>
    <test started-at="2023-02-26T20:22:18 IST" name="Default test" finished-at="2023-02-26T20:22:18 IST" duration-ms="112">
      <class name="testcases.TestCase2">
        <test-method signature="validateTitles()[pri:0, instance:testcases.TestCase2@243c4f91]" started-at="2023-02-26T20:22:18 IST" name="validateTitles" finished-at="2023-02-26T20:22:18 IST" duration-ms="33" status="PASS">
          <reporter-output>
          </reporter-output>
        </test-method> <!-- validateTitles -->
      </class> <!-- testcases.TestCase2 -->
    </test> <!-- Default test -->
  </suite> <!-- Default suite -->
</testng-results>
